  [1m[35m (59.4ms)[0m  [1m[35mCREATE TABLE "schema_migrations" ("version" varchar NOT NULL PRIMARY KEY)[0m
  [1m[35m (48.4ms)[0m  [1m[35mCREATE TABLE "ar_internal_metadata" ("key" varchar NOT NULL PRIMARY KEY, "value" varchar, "created_at" datetime(6) NOT NULL, "updated_at" datetime(6) NOT NULL)[0m
  [1m[36mActiveRecord::SchemaMigration Pluck (0.1ms)[0m  [1m[34mSELECT "schema_migrations"."version" FROM "schema_migrations" ORDER BY "schema_migrations"."version" ASC[0m
Migrating to CreateUsers (20231009043429)
  [1m[36mTRANSACTION (0.1ms)[0m  [1m[36mbegin transaction[0m
  [1m[35m (0.3ms)[0m  [1m[35mCREATE TABLE "users" ("id" integer PRIMARY KEY AUTOINCREMENT NOT NULL, "fname" varchar, "lname" varchar, "email" varchar, "password_digest" varchar, "is_admin" boolean, "status" varchar, "created_at" datetime(6) NOT NULL, "updated_at" datetime(6) NOT NULL)[0m
  [1m[35m (0.2ms)[0m  [1m[35mCREATE UNIQUE INDEX "index_users_on_email" ON "users" ("email")[0m
  [1m[36mActiveRecord::SchemaMigration Create (0.3ms)[0m  [1m[32mINSERT INTO "schema_migrations" ("version") VALUES (?)[0m  [["version", "20231009043429"]]
  [1m[36mTRANSACTION (37.0ms)[0m  [1m[36mcommit transaction[0m
  [1m[36mActiveRecord::InternalMetadata Load (0.2ms)[0m  [1m[34mSELECT "ar_internal_metadata".* FROM "ar_internal_metadata" WHERE "ar_internal_metadata"."key" = ? LIMIT ?[0m  [["key", "environment"], ["LIMIT", 1]]
  [1m[36mTRANSACTION (0.0ms)[0m  [1m[36mbegin transaction[0m
  [1m[36mActiveRecord::InternalMetadata Create (0.3ms)[0m  [1m[32mINSERT INTO "ar_internal_metadata" ("key", "value", "created_at", "updated_at") VALUES (?, ?, ?, ?)[0m  [["key", "environment"], ["value", "development"], ["created_at", "2023-10-09 04:34:52.148898"], ["updated_at", "2023-10-09 04:34:52.148898"]]
  [1m[36mTRANSACTION (32.9ms)[0m  [1m[36mcommit transaction[0m
  [1m[36mActiveRecord::SchemaMigration Pluck (0.1ms)[0m  [1m[34mSELECT "schema_migrations"."version" FROM "schema_migrations" ORDER BY "schema_migrations"."version" ASC[0m
  [1m[36mActiveRecord::SchemaMigration Pluck (0.1ms)[0m  [1m[34mSELECT "schema_migrations"."version" FROM "schema_migrations" ORDER BY "schema_migrations"."version" ASC[0m
  [1m[36mActiveRecord::InternalMetadata Load (0.1ms)[0m  [1m[34mSELECT "ar_internal_metadata".* FROM "ar_internal_metadata" WHERE "ar_internal_metadata"."key" = ? LIMIT ?[0m  [["key", "environment"], ["LIMIT", 1]]
  [1m[36mActiveRecord::SchemaMigration Pluck (0.1ms)[0m  [1m[34mSELECT "schema_migrations"."version" FROM "schema_migrations" ORDER BY "schema_migrations"."version" ASC[0m
  [1m[36mActiveRecord::SchemaMigration Pluck (0.1ms)[0m  [1m[34mSELECT "schema_migrations"."version" FROM "schema_migrations" ORDER BY "schema_migrations"."version" ASC[0m
  [1m[36mActiveRecord::SchemaMigration Pluck (0.1ms)[0m  [1m[34mSELECT "schema_migrations"."version" FROM "schema_migrations" ORDER BY "schema_migrations"."version" ASC[0m
  [1m[36mActiveRecord::SchemaMigration Pluck (0.0ms)[0m  [1m[34mSELECT "schema_migrations"."version" FROM "schema_migrations" ORDER BY "schema_migrations"."version" ASC[0m
  [1m[36mActiveRecord::SchemaMigration Pluck (0.0ms)[0m  [1m[34mSELECT "schema_migrations"."version" FROM "schema_migrations" ORDER BY "schema_migrations"."version" ASC[0m
Migrating to CreateUsers (20231009043429)
  [1m[36mTRANSACTION (0.1ms)[0m  [1m[36mbegin transaction[0m
  [1m[35m (0.5ms)[0m  [1m[35mDROP INDEX "index_users_on_email"[0m
  [1m[35m (0.2ms)[0m  [1m[35mDROP TABLE "users"[0m
  [1m[36mActiveRecord::SchemaMigration Delete All (0.9ms)[0m  [1m[31mDELETE FROM "schema_migrations" WHERE "schema_migrations"."version" = ?[0m  [["version", "20231009043429"]]
  [1m[36mTRANSACTION (21.9ms)[0m  [1m[36mcommit transaction[0m
  [1m[36mActiveRecord::SchemaMigration Pluck (0.1ms)[0m  [1m[34mSELECT "schema_migrations"."version" FROM "schema_migrations" ORDER BY "schema_migrations"."version" ASC[0m
  [1m[36mActiveRecord::SchemaMigration Pluck (0.1ms)[0m  [1m[34mSELECT "schema_migrations"."version" FROM "schema_migrations" ORDER BY "schema_migrations"."version" ASC[0m
Migrating to CreateUsers (20231009043429)
  [1m[36mTRANSACTION (0.1ms)[0m  [1m[36mbegin transaction[0m
  [1m[35m (0.5ms)[0m  [1m[35mCREATE TABLE "users" ("id" integer PRIMARY KEY AUTOINCREMENT NOT NULL, "fname" varchar, "lname" varchar, "email" varchar, "password_digest" varchar, "is_admin" boolean, "status" varchar, "created_at" datetime(6) NOT NULL, "updated_at" datetime(6) NOT NULL)[0m
  [1m[35m (0.1ms)[0m  [1m[35mCREATE UNIQUE INDEX "index_users_on_email" ON "users" ("email")[0m
  [1m[36mActiveRecord::SchemaMigration Create (0.2ms)[0m  [1m[32mINSERT INTO "schema_migrations" ("version") VALUES (?)[0m  [["version", "20231009043429"]]
  [1m[36mTRANSACTION (19.9ms)[0m  [1m[36mcommit transaction[0m
  [1m[36mActiveRecord::InternalMetadata Load (0.1ms)[0m  [1m[34mSELECT "ar_internal_metadata".* FROM "ar_internal_metadata" WHERE "ar_internal_metadata"."key" = ? LIMIT ?[0m  [["key", "environment"], ["LIMIT", 1]]
  [1m[36mActiveRecord::SchemaMigration Pluck (0.1ms)[0m  [1m[34mSELECT "schema_migrations"."version" FROM "schema_migrations" ORDER BY "schema_migrations"."version" ASC[0m
  [1m[36mActiveRecord::SchemaMigration Pluck (0.1ms)[0m  [1m[34mSELECT "schema_migrations"."version" FROM "schema_migrations" ORDER BY "schema_migrations"."version" ASC[0m
  [1m[36mActiveRecord::SchemaMigration Pluck (1.3ms)[0m  [1m[34mSELECT "schema_migrations"."version" FROM "schema_migrations" ORDER BY "schema_migrations"."version" ASC[0m
  [1m[36mActiveRecord::SchemaMigration Pluck (0.0ms)[0m  [1m[34mSELECT "schema_migrations"."version" FROM "schema_migrations" ORDER BY "schema_migrations"."version" ASC[0m
  [1m[36mActiveRecord::SchemaMigration Pluck (0.0ms)[0m  [1m[34mSELECT "schema_migrations"."version" FROM "schema_migrations" ORDER BY "schema_migrations"."version" ASC[0m
Migrating to CreateUsers (20231009043429)
  [1m[36mTRANSACTION (0.1ms)[0m  [1m[36mbegin transaction[0m
  [1m[35m (0.3ms)[0m  [1m[35mDROP INDEX "index_users_on_email"[0m
  [1m[35m (0.2ms)[0m  [1m[35mDROP TABLE "users"[0m
  [1m[36mActiveRecord::SchemaMigration Delete All (0.8ms)[0m  [1m[31mDELETE FROM "schema_migrations" WHERE "schema_migrations"."version" = ?[0m  [["version", "20231009043429"]]
  [1m[36mTRANSACTION (19.6ms)[0m  [1m[36mcommit transaction[0m
  [1m[36mActiveRecord::SchemaMigration Pluck (0.1ms)[0m  [1m[34mSELECT "schema_migrations"."version" FROM "schema_migrations" ORDER BY "schema_migrations"."version" ASC[0m
  [1m[36mActiveRecord::SchemaMigration Pluck (0.1ms)[0m  [1m[34mSELECT "schema_migrations"."version" FROM "schema_migrations" ORDER BY "schema_migrations"."version" ASC[0m
Migrating to CreateUsers (20231009043429)
  [1m[36mTRANSACTION (0.1ms)[0m  [1m[36mbegin transaction[0m
  [1m[35m (0.5ms)[0m  [1m[35mCREATE TABLE "users" ("id" integer PRIMARY KEY AUTOINCREMENT NOT NULL, "fname" varchar NOT NULL, "lname" varchar NOT NULL, "email" varchar NOT NULL, "password_digest" varchar NOT NULL, "is_admin" boolean DEFAULT 0, "status" varchar NOT NULL, "created_at" datetime(6) NOT NULL, "updated_at" datetime(6) NOT NULL)[0m
  [1m[35m (0.2ms)[0m  [1m[35mCREATE UNIQUE INDEX "index_users_on_email" ON "users" ("email")[0m
  [1m[36mActiveRecord::SchemaMigration Create (0.2ms)[0m  [1m[32mINSERT INTO "schema_migrations" ("version") VALUES (?)[0m  [["version", "20231009043429"]]
  [1m[36mTRANSACTION (38.3ms)[0m  [1m[36mcommit transaction[0m
  [1m[36mActiveRecord::InternalMetadata Load (0.2ms)[0m  [1m[34mSELECT "ar_internal_metadata".* FROM "ar_internal_metadata" WHERE "ar_internal_metadata"."key" = ? LIMIT ?[0m  [["key", "environment"], ["LIMIT", 1]]
  [1m[36mActiveRecord::SchemaMigration Pluck (0.1ms)[0m  [1m[34mSELECT "schema_migrations"."version" FROM "schema_migrations" ORDER BY "schema_migrations"."version" ASC[0m
  [1m[36mActiveRecord::SchemaMigration Pluck (0.1ms)[0m  [1m[34mSELECT "schema_migrations"."version" FROM "schema_migrations" ORDER BY "schema_migrations"."version" ASC[0m
Migrating to CreateSources (20231009044013)
  [1m[36mTRANSACTION (0.0ms)[0m  [1m[36mbegin transaction[0m
  [1m[35m (0.4ms)[0m  [1m[35mCREATE TABLE "sources" ("id" integer PRIMARY KEY AUTOINCREMENT NOT NULL, "fname" varchar NOT NULL, "lname" varchar, "byear" varchar, "dyear" varchar, "bio" text, "created_at" datetime(6) NOT NULL, "updated_at" datetime(6) NOT NULL)[0m
  [1m[36mActiveRecord::SchemaMigration Create (0.2ms)[0m  [1m[32mINSERT INTO "schema_migrations" ("version") VALUES (?)[0m  [["version", "20231009044013"]]
  [1m[36mTRANSACTION (42.2ms)[0m  [1m[36mcommit transaction[0m
  [1m[36mActiveRecord::InternalMetadata Load (0.2ms)[0m  [1m[34mSELECT "ar_internal_metadata".* FROM "ar_internal_metadata" WHERE "ar_internal_metadata"."key" = ? LIMIT ?[0m  [["key", "environment"], ["LIMIT", 1]]
  [1m[36mActiveRecord::SchemaMigration Pluck (0.1ms)[0m  [1m[34mSELECT "schema_migrations"."version" FROM "schema_migrations" ORDER BY "schema_migrations"."version" ASC[0m
  [1m[36mActiveRecord::SchemaMigration Pluck (0.1ms)[0m  [1m[34mSELECT "schema_migrations"."version" FROM "schema_migrations" ORDER BY "schema_migrations"."version" ASC[0m
Migrating to CreateCategories (20231009044118)
  [1m[36mTRANSACTION (0.0ms)[0m  [1m[36mbegin transaction[0m
  [1m[35m (0.3ms)[0m  [1m[35mCREATE TABLE "categories" ("id" integer PRIMARY KEY AUTOINCREMENT NOT NULL, "catname" varchar NOT NULL, "created_at" datetime(6) NOT NULL, "updated_at" datetime(6) NOT NULL)[0m
  [1m[36mActiveRecord::SchemaMigration Create (0.2ms)[0m  [1m[32mINSERT INTO "schema_migrations" ("version") VALUES (?)[0m  [["version", "20231009044118"]]
  [1m[36mTRANSACTION (40.7ms)[0m  [1m[36mcommit transaction[0m
  [1m[36mActiveRecord::InternalMetadata Load (0.2ms)[0m  [1m[34mSELECT "ar_internal_metadata".* FROM "ar_internal_metadata" WHERE "ar_internal_metadata"."key" = ? LIMIT ?[0m  [["key", "environment"], ["LIMIT", 1]]
  [1m[36mActiveRecord::SchemaMigration Pluck (0.1ms)[0m  [1m[34mSELECT "schema_migrations"."version" FROM "schema_migrations" ORDER BY "schema_migrations"."version" ASC[0m
  [1m[36mActiveRecord::SchemaMigration Pluck (0.1ms)[0m  [1m[34mSELECT "schema_migrations"."version" FROM "schema_migrations" ORDER BY "schema_migrations"."version" ASC[0m
Migrating to CreateQuotes (20231009044215)
  [1m[36mTRANSACTION (0.0ms)[0m  [1m[36mbegin transaction[0m
  [1m[35m (0.4ms)[0m  [1m[35mCREATE TABLE "quotes" ("id" integer PRIMARY KEY AUTOINCREMENT NOT NULL, "qtext" text NOT NULL, "qyear" varchar, "qcom" text, "ispublic" boolean DEFAULT 0, "user_id" integer NOT NULL, "source_id" integer NOT NULL, "created_at" datetime(6) NOT NULL, "updated_at" datetime(6) NOT NULL, CONSTRAINT "fk_rails_02b555fb4d"
FOREIGN KEY ("user_id")
  REFERENCES "users" ("id")
, CONSTRAINT "fk_rails_7a6cffb978"
FOREIGN KEY ("source_id")
  REFERENCES "sources" ("id")
)[0m
  [1m[35m (0.1ms)[0m  [1m[35mCREATE INDEX "index_quotes_on_user_id" ON "quotes" ("user_id")[0m
  [1m[35m (0.1ms)[0m  [1m[35mCREATE INDEX "index_quotes_on_source_id" ON "quotes" ("source_id")[0m
  [1m[36mActiveRecord::SchemaMigration Create (0.2ms)[0m  [1m[32mINSERT INTO "schema_migrations" ("version") VALUES (?)[0m  [["version", "20231009044215"]]
  [1m[36mTRANSACTION (39.1ms)[0m  [1m[36mcommit transaction[0m
  [1m[36mActiveRecord::InternalMetadata Load (0.2ms)[0m  [1m[34mSELECT "ar_internal_metadata".* FROM "ar_internal_metadata" WHERE "ar_internal_metadata"."key" = ? LIMIT ?[0m  [["key", "environment"], ["LIMIT", 1]]
  [1m[36mActiveRecord::SchemaMigration Pluck (0.1ms)[0m  [1m[34mSELECT "schema_migrations"."version" FROM "schema_migrations" ORDER BY "schema_migrations"."version" ASC[0m
  [1m[36mActiveRecord::SchemaMigration Pluck (0.1ms)[0m  [1m[34mSELECT "schema_migrations"."version" FROM "schema_migrations" ORDER BY "schema_migrations"."version" ASC[0m
Migrating to CreateQuoteCategories (20231009044353)
  [1m[36mTRANSACTION (0.1ms)[0m  [1m[36mbegin transaction[0m
  [1m[35m (0.4ms)[0m  [1m[35mCREATE TABLE "quote_categories" ("id" integer PRIMARY KEY AUTOINCREMENT NOT NULL, "quote_id" integer NOT NULL, "category_id" integer NOT NULL, "created_at" datetime(6) NOT NULL, "updated_at" datetime(6) NOT NULL, CONSTRAINT "fk_rails_c34a150410"
FOREIGN KEY ("quote_id")
  REFERENCES "quotes" ("id")
, CONSTRAINT "fk_rails_2f1b48a620"
FOREIGN KEY ("category_id")
  REFERENCES "categories" ("id")
)[0m
  [1m[35m (0.3ms)[0m  [1m[35mCREATE INDEX "index_quote_categories_on_quote_id" ON "quote_categories" ("quote_id")[0m
  [1m[35m (0.1ms)[0m  [1m[35mCREATE INDEX "index_quote_categories_on_category_id" ON "quote_categories" ("category_id")[0m
  [1m[36mActiveRecord::SchemaMigration Create (0.2ms)[0m  [1m[32mINSERT INTO "schema_migrations" ("version") VALUES (?)[0m  [["version", "20231009044353"]]
  [1m[36mTRANSACTION (37.1ms)[0m  [1m[36mcommit transaction[0m
  [1m[36mActiveRecord::InternalMetadata Load (0.2ms)[0m  [1m[34mSELECT "ar_internal_metadata".* FROM "ar_internal_metadata" WHERE "ar_internal_metadata"."key" = ? LIMIT ?[0m  [["key", "environment"], ["LIMIT", 1]]
  [1m[36mActiveRecord::SchemaMigration Pluck (0.1ms)[0m  [1m[34mSELECT "schema_migrations"."version" FROM "schema_migrations" ORDER BY "schema_migrations"."version" ASC[0m
  [1m[36mTRANSACTION (0.1ms)[0m  [1m[36mbegin transaction[0m
  [1m[36mUser Create (0.5ms)[0m  [1m[32mINSERT INTO "users" ("fname", "lname", "email", "password_digest", "is_admin", "status", "created_at", "updated_at") VALUES (?, ?, ?, ?, ?, ?, ?, ?)[0m  [["fname", "Jay"], ["lname", "Cutler"], ["email", "jcutler@recipebox.com"], ["password_digest", "[FILTERED]"], ["is_admin", 1], ["status", "Active"], ["created_at", "2023-10-09 04:55:35.350472"], ["updated_at", "2023-10-09 04:55:35.350472"]]
  [1m[36mTRANSACTION (17.6ms)[0m  [1m[36mcommit transaction[0m
  [1m[36mUser Load (0.2ms)[0m  [1m[34mSELECT "users".* FROM "users"[0m
  [1m[36mUser Load (0.1ms)[0m  [1m[34mSELECT "users".* FROM "users"[0m
  [1m[36mUser Load (0.3ms)[0m  [1m[34mSELECT "users".* FROM "users" WHERE "users"."id" = ?[0m  [["id", 1]]
  [1m[36mTRANSACTION (0.1ms)[0m  [1m[36mbegin transaction[0m
  [1m[36mQuote Load (0.2ms)[0m  [1m[34mSELECT "quotes".* FROM "quotes" WHERE "quotes"."user_id" = ?[0m  [["user_id", 1]]
  [1m[36mUser Destroy (1.5ms)[0m  [1m[31mDELETE FROM "users" WHERE "users"."id" = ?[0m  [["id", 1]]
  [1m[36mTRANSACTION (40.7ms)[0m  [1m[36mcommit transaction[0m
  [1m[36mUser Load (0.1ms)[0m  [1m[34mSELECT "users".* FROM "users"[0m
  [1m[36mUser Load (0.1ms)[0m  [1m[34mSELECT "users".* FROM "users"[0m
Started GET "/" for 127.0.0.1 at 2023-10-14 08:37:05 +0800
  [1m[36mActiveRecord::SchemaMigration Pluck (0.2ms)[0m  [1m[34mSELECT "schema_migrations"."version" FROM "schema_migrations" ORDER BY "schema_migrations"."version" ASC[0m
Processing by Rails::WelcomeController#index as HTML
  Rendering /home/student/.asdf/installs/ruby/3.2.2/lib/ruby/gems/3.2.0/gems/railties-7.0.8/lib/rails/templates/rails/welcome/index.html.erb
  Rendered /home/student/.asdf/installs/ruby/3.2.2/lib/ruby/gems/3.2.0/gems/railties-7.0.8/lib/rails/templates/rails/welcome/index.html.erb (Duration: 3.5ms | Allocations: 633)
Completed 200 OK in 56ms (Views: 12.9ms | ActiveRecord: 0.0ms | Allocations: 7421)


Started GET "/" for 127.0.0.1 at 2023-10-14 08:52:41 +0800
  [1m[36mActiveRecord::SchemaMigration Pluck (0.2ms)[0m  [1m[34mSELECT "schema_migrations"."version" FROM "schema_migrations" ORDER BY "schema_migrations"."version" ASC[0m
Processing by HomeController#index as HTML
  Rendering layout layouts/application.html.erb
  Rendering home/index.html.erb within layouts/application
  Rendered home/index.html.erb within layouts/application (Duration: 2.5ms | Allocations: 300)
  Rendered layouts/_header.html.erb (Duration: 0.5ms | Allocations: 150)
  Rendered layout layouts/application.html.erb (Duration: 387.2ms | Allocations: 86608)
Completed 200 OK in 410ms (Views: 391.0ms | ActiveRecord: 0.0ms | Allocations: 90580)


Started GET "/" for 127.0.0.1 at 2023-10-14 09:06:23 +0800
  [1m[36mActiveRecord::SchemaMigration Pluck (0.2ms)[0m  [1m[34mSELECT "schema_migrations"."version" FROM "schema_migrations" ORDER BY "schema_migrations"."version" ASC[0m
Processing by HomeController#index as HTML
  Rendering layout layouts/application.html.erb
  Rendering home/index.html.erb within layouts/application
  Rendered home/index.html.erb within layouts/application (Duration: 0.9ms | Allocations: 300)
  Rendered layouts/_header.html.erb (Duration: 1.5ms | Allocations: 359)
  Rendered layout layouts/application.html.erb (Duration: 82.1ms | Allocations: 33622)
Completed 200 OK in 91ms (Views: 85.1ms | ActiveRecord: 0.0ms | Allocations: 37609)


Started GET "/" for 127.0.0.1 at 2023-10-14 09:06:27 +0800
Processing by HomeController#index as HTML
  Rendering layout layouts/application.html.erb
  Rendering home/index.html.erb within layouts/application
  Rendered home/index.html.erb within layouts/application (Duration: 0.1ms | Allocations: 7)
  Rendered layouts/_header.html.erb (Duration: 0.2ms | Allocations: 92)
  Rendered layout layouts/application.html.erb (Duration: 4.7ms | Allocations: 2423)
Completed 200 OK in 6ms (Views: 5.5ms | ActiveRecord: 0.0ms | Allocations: 2683)


Started GET "/" for 127.0.0.1 at 2023-10-14 09:06:30 +0800
Processing by HomeController#index as HTML
  Rendering layout layouts/application.html.erb
  Rendering home/index.html.erb within layouts/application
  Rendered home/index.html.erb within layouts/application (Duration: 0.1ms | Allocations: 7)
  Rendered layouts/_header.html.erb (Duration: 0.2ms | Allocations: 92)
  Rendered layout layouts/application.html.erb (Duration: 9.7ms | Allocations: 2421)
Completed 200 OK in 13ms (Views: 12.2ms | ActiveRecord: 0.0ms | Allocations: 2680)


Started GET "/" for 127.0.0.1 at 2023-10-14 09:06:33 +0800
Processing by HomeController#index as HTML
  Rendering layout layouts/application.html.erb
  Rendering home/index.html.erb within layouts/application
  Rendered home/index.html.erb within layouts/application (Duration: 0.1ms | Allocations: 7)
  Rendered layouts/_header.html.erb (Duration: 0.2ms | Allocations: 92)
  Rendered layout layouts/application.html.erb (Duration: 4.4ms | Allocations: 2427)
Completed 200 OK in 6ms (Views: 5.9ms | ActiveRecord: 0.0ms | Allocations: 2686)


Started GET "/about" for 127.0.0.1 at 2023-10-14 09:06:34 +0800
Processing by AboutController#index as HTML
  Rendering layout layouts/application.html.erb
  Rendering about/index.html.erb within layouts/application
  Rendered about/index.html.erb within layouts/application (Duration: 0.5ms | Allocations: 107)
  Rendered layouts/_header.html.erb (Duration: 0.3ms | Allocations: 118)
  Rendered layout layouts/application.html.erb (Duration: 6.7ms | Allocations: 2652)
Completed 200 OK in 9ms (Views: 8.1ms | ActiveRecord: 0.0ms | Allocations: 3298)


Started GET "/" for 127.0.0.1 at 2023-10-14 09:06:36 +0800
Processing by HomeController#index as HTML
  Rendering layout layouts/application.html.erb
  Rendering home/index.html.erb within layouts/application
  Rendered home/index.html.erb within layouts/application (Duration: 0.1ms | Allocations: 7)
  Rendered layouts/_header.html.erb (Duration: 0.2ms | Allocations: 92)
  Rendered layout layouts/application.html.erb (Duration: 4.9ms | Allocations: 2448)
Completed 200 OK in 6ms (Views: 5.5ms | ActiveRecord: 0.0ms | Allocations: 2708)


Started GET "/about" for 127.0.0.1 at 2023-10-14 09:06:37 +0800
Processing by AboutController#index as HTML
  Rendering layout layouts/application.html.erb
  Rendering about/index.html.erb within layouts/application
  Rendered about/index.html.erb within layouts/application (Duration: 0.1ms | Allocations: 7)
  Rendered layouts/_header.html.erb (Duration: 0.2ms | Allocations: 92)
  Rendered layout layouts/application.html.erb (Duration: 6.6ms | Allocations: 2441)
Completed 200 OK in 8ms (Views: 7.6ms | ActiveRecord: 0.0ms | Allocations: 2699)


Started GET "/" for 127.0.0.1 at 2023-10-14 09:06:40 +0800
Processing by HomeController#index as HTML
  Rendering layout layouts/application.html.erb
  Rendering home/index.html.erb within layouts/application
  Rendered home/index.html.erb within layouts/application (Duration: 0.1ms | Allocations: 7)
  Rendered layouts/_header.html.erb (Duration: 0.2ms | Allocations: 92)
  Rendered layout layouts/application.html.erb (Duration: 6.3ms | Allocations: 2426)
Completed 200 OK in 8ms (Views: 7.2ms | ActiveRecord: 0.0ms | Allocations: 2683)


Started GET "/about" for 127.0.0.1 at 2023-10-14 09:06:43 +0800
Processing by AboutController#index as HTML
  Rendering layout layouts/application.html.erb
  Rendering about/index.html.erb within layouts/application
  Rendered about/index.html.erb within layouts/application (Duration: 0.1ms | Allocations: 7)
  Rendered layouts/_header.html.erb (Duration: 0.2ms | Allocations: 92)
  Rendered layout layouts/application.html.erb (Duration: 14.8ms | Allocations: 2414)
Completed 200 OK in 16ms (Views: 15.6ms | ActiveRecord: 0.0ms | Allocations: 2671)


Started GET "/" for 127.0.0.1 at 2023-10-14 09:06:46 +0800
Processing by HomeController#index as HTML
  Rendering layout layouts/application.html.erb
  Rendering home/index.html.erb within layouts/application
  Rendered home/index.html.erb within layouts/application (Duration: 0.1ms | Allocations: 7)
  Rendered layouts/_header.html.erb (Duration: 2.7ms | Allocations: 92)
  Rendered layout layouts/application.html.erb (Duration: 7.6ms | Allocations: 2432)
Completed 200 OK in 9ms (Views: 8.5ms | ActiveRecord: 0.0ms | Allocations: 2689)


Started GET "/" for 127.0.0.1 at 2023-10-14 09:08:44 +0800
  [1m[36mActiveRecord::SchemaMigration Pluck (0.3ms)[0m  [1m[34mSELECT "schema_migrations"."version" FROM "schema_migrations" ORDER BY "schema_migrations"."version" ASC[0m
Processing by HomeController#index as HTML
  Rendering layout layouts/application.html.erb
  Rendering home/index.html.erb within layouts/application
  Rendered home/index.html.erb within layouts/application (Duration: 0.9ms | Allocations: 300)
  Rendered layouts/_header.html.erb (Duration: 1.2ms | Allocations: 361)
  Rendered layout layouts/application.html.erb (Duration: 72.3ms | Allocations: 33658)
Completed 200 OK in 84ms (Views: 76.4ms | ActiveRecord: 0.0ms | Allocations: 37643)


Started GET "/" for 127.0.0.1 at 2023-10-14 09:08:48 +0800
Processing by HomeController#index as HTML
  Rendering layout layouts/application.html.erb
  Rendering home/index.html.erb within layouts/application
  Rendered home/index.html.erb within layouts/application (Duration: 0.1ms | Allocations: 7)
  Rendered layouts/_header.html.erb (Duration: 0.2ms | Allocations: 92)
  Rendered layout layouts/application.html.erb (Duration: 5.4ms | Allocations: 2444)
Completed 200 OK in 7ms (Views: 6.3ms | ActiveRecord: 0.0ms | Allocations: 2703)


Started GET "/about" for 127.0.0.1 at 2023-10-14 09:08:50 +0800
Processing by AboutController#index as HTML
  Rendering layout layouts/application.html.erb
  Rendering about/index.html.erb within layouts/application
  Rendered about/index.html.erb within layouts/application (Duration: 0.4ms | Allocations: 107)
  Rendered layouts/_header.html.erb (Duration: 0.3ms | Allocations: 118)
  Rendered layout layouts/application.html.erb (Duration: 4.1ms | Allocations: 2658)
Completed 200 OK in 6ms (Views: 5.2ms | ActiveRecord: 0.0ms | Allocations: 3303)


Started GET "/" for 127.0.0.1 at 2023-10-14 09:08:52 +0800
Processing by HomeController#index as HTML
  Rendering layout layouts/application.html.erb
  Rendering home/index.html.erb within layouts/application
  Rendered home/index.html.erb within layouts/application (Duration: 0.1ms | Allocations: 7)
  Rendered layouts/_header.html.erb (Duration: 0.2ms | Allocations: 92)
  Rendered layout layouts/application.html.erb (Duration: 5.7ms | Allocations: 2461)
Completed 200 OK in 7ms (Views: 6.4ms | ActiveRecord: 0.0ms | Allocations: 2723)


Started GET "/about" for 127.0.0.1 at 2023-10-14 09:08:53 +0800
Processing by AboutController#index as HTML
  Rendering layout layouts/application.html.erb
  Rendering about/index.html.erb within layouts/application
  Rendered about/index.html.erb within layouts/application (Duration: 0.1ms | Allocations: 7)
  Rendered layouts/_header.html.erb (Duration: 0.2ms | Allocations: 92)
  Rendered layout layouts/application.html.erb (Duration: 7.3ms | Allocations: 2460)
Completed 200 OK in 9ms (Views: 8.6ms | ActiveRecord: 0.0ms | Allocations: 2720)


Started GET "/" for 127.0.0.1 at 2023-10-14 09:08:56 +0800
Processing by HomeController#index as HTML
  Rendering layout layouts/application.html.erb
  Rendering home/index.html.erb within layouts/application
  Rendered home/index.html.erb within layouts/application (Duration: 0.1ms | Allocations: 7)
  Rendered layouts/_header.html.erb (Duration: 0.3ms | Allocations: 92)
  Rendered layout layouts/application.html.erb (Duration: 8.5ms | Allocations: 2423)
Completed 200 OK in 10ms (Views: 9.9ms | ActiveRecord: 0.0ms | Allocations: 2681)


Started GET "/" for 127.0.0.1 at 2023-10-14 09:18:44 +0800
  [1m[36mActiveRecord::SchemaMigration Pluck (0.2ms)[0m  [1m[34mSELECT "schema_migrations"."version" FROM "schema_migrations" ORDER BY "schema_migrations"."version" ASC[0m
Processing by HomeController#index as HTML
  Rendering layout layouts/application.html.erb
  Rendering home/index.html.erb within layouts/application
  Rendered home/index.html.erb within layouts/application (Duration: 1.1ms | Allocations: 300)
  Rendered layouts/_header.html.erb (Duration: 1.1ms | Allocations: 379)
  Rendered layout layouts/application.html.erb (Duration: 72.9ms | Allocations: 33642)
Completed 200 OK in 87ms (Views: 78.3ms | ActiveRecord: 0.0ms | Allocations: 37627)


Started GET "/" for 127.0.0.1 at 2023-10-14 09:20:39 +0800
  [1m[36mActiveRecord::SchemaMigration Pluck (0.2ms)[0m  [1m[34mSELECT "schema_migrations"."version" FROM "schema_migrations" ORDER BY "schema_migrations"."version" ASC[0m
Processing by HomeController#index as HTML
  Rendering layout layouts/application.html.erb
  Rendering home/index.html.erb within layouts/application
  Rendered home/index.html.erb within layouts/application (Duration: 1.1ms | Allocations: 300)
  Rendered layouts/_header.html.erb (Duration: 1.1ms | Allocations: 379)
  Rendered layout layouts/application.html.erb (Duration: 70.8ms | Allocations: 33692)
Completed 200 OK in 85ms (Views: 77.3ms | ActiveRecord: 0.0ms | Allocations: 37679)


Started GET "/" for 127.0.0.1 at 2023-10-14 09:24:53 +0800
  [1m[36mActiveRecord::SchemaMigration Pluck (0.2ms)[0m  [1m[34mSELECT "schema_migrations"."version" FROM "schema_migrations" ORDER BY "schema_migrations"."version" ASC[0m
Processing by HomeController#index as HTML
  Rendering layout layouts/application.html.erb
  Rendering home/index.html.erb within layouts/application
  Rendered home/index.html.erb within layouts/application (Duration: 1.1ms | Allocations: 300)
  Rendered layouts/_header.html.erb (Duration: 1.3ms | Allocations: 505)
  Rendered layout layouts/application.html.erb (Duration: 72.6ms | Allocations: 33966)
Completed 200 OK in 85ms (Views: 77.5ms | ActiveRecord: 0.0ms | Allocations: 37953)


Started GET "/" for 127.0.0.1 at 2023-10-14 09:24:56 +0800
Processing by HomeController#index as HTML
  Rendering layout layouts/application.html.erb
  Rendering home/index.html.erb within layouts/application
  Rendered home/index.html.erb within layouts/application (Duration: 0.1ms | Allocations: 7)
  Rendered layouts/_header.html.erb (Duration: 0.3ms | Allocations: 168)
  Rendered layout layouts/application.html.erb (Duration: 7.0ms | Allocations: 2499)
Completed 200 OK in 9ms (Views: 8.0ms | ActiveRecord: 0.0ms | Allocations: 2759)


Started GET "/about" for 127.0.0.1 at 2023-10-14 09:24:57 +0800
Processing by AboutController#index as HTML
  Rendering layout layouts/application.html.erb
  Rendering about/index.html.erb within layouts/application
  Rendered about/index.html.erb within layouts/application (Duration: 0.6ms | Allocations: 107)
  Rendered layouts/_header.html.erb (Duration: 0.5ms | Allocations: 200)
  Rendered layout layouts/application.html.erb (Duration: 5.4ms | Allocations: 2728)
Completed 200 OK in 15ms (Views: 14.4ms | ActiveRecord: 0.0ms | Allocations: 3374)


Started GET "/users/new" for 127.0.0.1 at 2023-10-14 09:25:01 +0800
Processing by UsersController#new as HTML
  Rendering layout layouts/application.html.erb
  Rendering users/new.html.erb within layouts/application
  Rendered users/_form.html.erb (Duration: 36.3ms | Allocations: 4357)
  Rendered users/new.html.erb within layouts/application (Duration: 38.1ms | Allocations: 4667)
  Rendered layouts/_header.html.erb (Duration: 0.3ms | Allocations: 169)
  Rendered layout layouts/application.html.erb (Duration: 69.5ms | Allocations: 7083)
Completed 200 OK in 133ms (Views: 72.2ms | ActiveRecord: 0.8ms | Allocations: 15377)


Started GET "/users/new" for 127.0.0.1 at 2023-10-14 09:42:39 +0800
  [1m[36mActiveRecord::SchemaMigration Pluck (0.2ms)[0m  [1m[34mSELECT "schema_migrations"."version" FROM "schema_migrations" ORDER BY "schema_migrations"."version" ASC[0m
Processing by UsersController#new as HTML
  Rendering layout layouts/application.html.erb
  Rendering users/new.html.erb within layouts/application
  Rendered users/_form.html.erb (Duration: 5.6ms | Allocations: 2662)
  Rendered users/new.html.erb within layouts/application (Duration: 7.3ms | Allocations: 3160)
  Rendered layout layouts/application.html.erb (Duration: 8.1ms | Allocations: 3261)
Completed 500 Internal Server Error in 40ms (ActiveRecord: 0.7ms | Allocations: 14796)


  
ActionView::SyntaxErrorInTemplate (Encountered a syntax error while rendering template: check <%= form_with(model: user) do |form| %>
  <% if user.errors.any? %>
    <div style="color: red">
      <h2><%= pluralize(user.errors.count, "error") %> prohibited this user from being saved:</h2>

      <ul>
        <% user.errors.each do |error| %>
          <li><%= error.full_message %></li>
        <% end %>
      </ul>
    </div>
  <% end %>

  <div class="form-group" style="padding-bottom: 10px;">
    <!-- <%= form.label :fname, style: "display: block" %> -->
    <%= form.text_field :fname, placeholder: 'First Name', class: 'form-control' %>
  </div>

  <div class="form-group" style="padding-bottom: 10px;">
    <!-- <%= form.label :lname, style: "display: block" %> -->
    <%= form.text_field :lname, placeholder: 'Last Name', class: 'form-control' %>
  </div>

  <div class="form-group" style="padding-bottom: 10px;">
    <!-- <%= form.label :email, style: "display: block" %> -->
    <%= form.text_field :email, placeholder: 'Email Address', class: 'form-control' %>
  </div>

  <div class="form-group" style="padding-bottom: 10px;">
    <!-- <%= form.label :password_digest, style: "display: block" %> -->
    <%= form.passworld_field :password, placeholder: 'Choose a strong password', class: 'form-control' %>
  </div>

  <div>
    <!-- <%= form.label :is_admin, style: "display: block" %> -->
    <%= form.hidden_field :is_admin, value: false %>
  </div>

  <div>
  <!-- 
    <%= form.label :status, style: "display: block" %>
    <%= form.text_field :status %> -->
    <%= form.hidden_field :status, value "Active" %>
  </div>

  <div>
   <!-- <%= form.submit %> -->
   <%= form.submit 'Submit', class: 'btn btn-primary' %>
  </div>
<% end %>

):
1:    <%= form_with(model: user) do |form| %>
2:      <% if user.errors.any? %>
3:        <div style="color: red">
4:          <h2><%= pluralize(user.errors.count, "error") %> prohibited this user from being saved:</h2>
5:    
6:          <ul>
7:            <% user.errors.each do |error| %>
8:              <li><%= error.full_message %></li>
9:            <% end %>
10:          </ul>
11:        </div>
12:      <% end %>
13:    
14:      <div class="form-group" style="padding-bottom: 10px;">
15:        <!-- <%= form.label :fname, style: "display: block" %> -->
16:        <%= form.text_field :fname, placeholder: 'First Name', class: 'form-control' %>
17:      </div>
18:    
19:      <div class="form-group" style="padding-bottom: 10px;">
20:        <!-- <%= form.label :lname, style: "display: block" %> -->
21:        <%= form.text_field :lname, placeholder: 'Last Name', class: 'form-control' %>
22:      </div>
23:    
24:      <div class="form-group" style="padding-bottom: 10px;">
25:        <!-- <%= form.label :email, style: "display: block" %> -->
26:        <%= form.text_field :email, placeholder: 'Email Address', class: 'form-control' %>
27:      </div>
28:    
29:      <div class="form-group" style="padding-bottom: 10px;">
30:        <!-- <%= form.label :password_digest, style: "display: block" %> -->
31:        <%= form.passworld_field :password, placeholder: 'Choose a strong password', class: 'form-control' %>
32:      </div>
33:    
34:      <div>
35:        <!-- <%= form.label :is_admin, style: "display: block" %> -->
36:        <%= form.hidden_field :is_admin, value: false %>
37:      </div>
38:    
39:      <div>
40:      <!-- 
41:        <%= form.label :status, style: "display: block" %>
42:        <%= form.text_field :status %> -->
43:        <%= form.hidden_field :status, value "Active" %>
44:      </div>
45:    
46:      <div>
47:       <!-- <%= form.submit %> -->
48:       <%= form.submit 'Submit', class: 'btn btn-primary' %>
49:      </div>
50:    <% end %>
  
app/views/users/_form.html.erb:43: syntax error, unexpected string literal, expecting `do' or '{' or '('
app/views/users/_form.html.erb:43: syntax error, unexpected string literal, expecting `do' or '{' or '('
app/views/users/_form.html.erb:43: syntax error, unexpected string literal, expecting `do' or '{' or '('
app/views/users/_form.html.erb:43: syntax error, unexpected string literal, expecting `do' or '{' or '('
app/views/users/new.html.erb:3
Started GET "/" for 127.0.0.1 at 2023-10-14 09:44:01 +0800
Processing by HomeController#index as HTML
  Rendering layout layouts/application.html.erb
  Rendering home/index.html.erb within layouts/application
  Rendered home/index.html.erb within layouts/application (Duration: 0.5ms | Allocations: 111)
  Rendered layouts/_header.html.erb (Duration: 3.4ms | Allocations: 499)
  Rendered layout layouts/application.html.erb (Duration: 93.7ms | Allocations: 33311)
Completed 200 OK in 98ms (Views: 97.1ms | ActiveRecord: 0.0ms | Allocations: 34033)


Started GET "/users/new" for 127.0.0.1 at 2023-10-14 09:44:02 +0800
Processing by UsersController#new as HTML
  Rendering layout layouts/application.html.erb
  Rendering users/new.html.erb within layouts/application
  Rendered users/_form.html.erb (Duration: 2.1ms | Allocations: 1582)
  Rendered users/new.html.erb within layouts/application (Duration: 3.6ms | Allocations: 1646)
  Rendered layout layouts/application.html.erb (Duration: 4.9ms | Allocations: 1735)
Completed 500 Internal Server Error in 7ms (ActiveRecord: 0.0ms | Allocations: 1995)


  
ActionView::SyntaxErrorInTemplate (Encountered a syntax error while rendering template: check <%= form_with(model: user) do |form| %>
  <% if user.errors.any? %>
    <div style="color: red">
      <h2><%= pluralize(user.errors.count, "error") %> prohibited this user from being saved:</h2>

      <ul>
        <% user.errors.each do |error| %>
          <li><%= error.full_message %></li>
        <% end %>
      </ul>
    </div>
  <% end %>

  <div class="form-group" style="padding-bottom: 10px;">
    <!-- <%= form.label :fname, style: "display: block" %> -->
    <%= form.text_field :fname, placeholder: 'First Name', class: 'form-control' %>
  </div>

  <div class="form-group" style="padding-bottom: 10px;">
    <!-- <%= form.label :lname, style: "display: block" %> -->
    <%= form.text_field :lname, placeholder: 'Last Name', class: 'form-control' %>
  </div>

  <div class="form-group" style="padding-bottom: 10px;">
    <!-- <%= form.label :email, style: "display: block" %> -->
    <%= form.text_field :email, placeholder: 'Email Address', class: 'form-control' %>
  </div>

  <div class="form-group" style="padding-bottom: 10px;">
    <!-- <%= form.label :password_digest, style: "display: block" %> -->
    <%= form.passworld_field :password, placeholder: 'Choose a strong password', class: 'form-control' %>
  </div>

  <div>
    <!-- <%= form.label :is_admin, style: "display: block" %> -->
    <%= form.hidden_field :is_admin, value: false %>
  </div>

  <div>
  <!-- 
    <%= form.label :status, style: "display: block" %>
    <%= form.text_field :status %> -->
    <%= form.hidden_field :status, value "Active" %>
  </div>

  <div>
   <!-- <%= form.submit %> -->
   <%= form.submit 'Submit', class: 'btn btn-primary' %>
  </div>
<% end %>

):
1:    <%= form_with(model: user) do |form| %>
2:      <% if user.errors.any? %>
3:        <div style="color: red">
4:          <h2><%= pluralize(user.errors.count, "error") %> prohibited this user from being saved:</h2>
5:    
6:          <ul>
7:            <% user.errors.each do |error| %>
8:              <li><%= error.full_message %></li>
9:            <% end %>
10:          </ul>
11:        </div>
12:      <% end %>
13:    
14:      <div class="form-group" style="padding-bottom: 10px;">
15:        <!-- <%= form.label :fname, style: "display: block" %> -->
16:        <%= form.text_field :fname, placeholder: 'First Name', class: 'form-control' %>
17:      </div>
18:    
19:      <div class="form-group" style="padding-bottom: 10px;">
20:        <!-- <%= form.label :lname, style: "display: block" %> -->
21:        <%= form.text_field :lname, placeholder: 'Last Name', class: 'form-control' %>
22:      </div>
23:    
24:      <div class="form-group" style="padding-bottom: 10px;">
25:        <!-- <%= form.label :email, style: "display: block" %> -->
26:        <%= form.text_field :email, placeholder: 'Email Address', class: 'form-control' %>
27:      </div>
28:    
29:      <div class="form-group" style="padding-bottom: 10px;">
30:        <!-- <%= form.label :password_digest, style: "display: block" %> -->
31:        <%= form.passworld_field :password, placeholder: 'Choose a strong password', class: 'form-control' %>
32:      </div>
33:    
34:      <div>
35:        <!-- <%= form.label :is_admin, style: "display: block" %> -->
36:        <%= form.hidden_field :is_admin, value: false %>
37:      </div>
38:    
39:      <div>
40:      <!-- 
41:        <%= form.label :status, style: "display: block" %>
42:        <%= form.text_field :status %> -->
43:        <%= form.hidden_field :status, value "Active" %>
44:      </div>
45:    
46:      <div>
47:       <!-- <%= form.submit %> -->
48:       <%= form.submit 'Submit', class: 'btn btn-primary' %>
49:      </div>
50:    <% end %>
  
app/views/users/_form.html.erb:43: syntax error, unexpected string literal, expecting `do' or '{' or '('
app/views/users/_form.html.erb:43: syntax error, unexpected string literal, expecting `do' or '{' or '('
app/views/users/_form.html.erb:43: syntax error, unexpected string literal, expecting `do' or '{' or '('
app/views/users/_form.html.erb:43: syntax error, unexpected string literal, expecting `do' or '{' or '('
app/views/users/new.html.erb:3
Started GET "/users/new" for 127.0.0.1 at 2023-10-14 09:48:52 +0800
  [1m[36mActiveRecord::SchemaMigration Pluck (0.2ms)[0m  [1m[34mSELECT "schema_migrations"."version" FROM "schema_migrations" ORDER BY "schema_migrations"."version" ASC[0m
Processing by UsersController#new as HTML
  Rendering layout layouts/application.html.erb
  Rendering users/new.html.erb within layouts/application
  Rendered users/_form.html.erb (Duration: 2.4ms | Allocations: 1954)
  Rendered users/new.html.erb within layouts/application (Duration: 3.9ms | Allocations: 2452)
  Rendered layout layouts/application.html.erb (Duration: 4.1ms | Allocations: 2553)
Completed 500 Internal Server Error in 26ms (ActiveRecord: 0.6ms | Allocations: 14086)


  
ActionView::SyntaxErrorInTemplate (Encountered a syntax error while rendering template: check <%= form_with(model: user) do |form| %>
  <% if user.errors.any? %>
    <div style="color: red">
      <h2><%= pluralize(user.errors.count, "error") %> prohibited this user from being saved:</h2>

      <ul>
        <% user.errors.each do |error| %>
          <li><%= error.full_message %></li>
        <% end %>
      </ul>
    </div>
  <% end %>

  <div class="form-group" style="padding-bottom: 10px;">
    <!-- <%= form.label :fname, style: "display: block" %> -->
    <%= form.text_field :fname, placeholder: 'First Name', class: 'form-control' %>
  </div>

  <div class="form-group" style="padding-bottom: 10px;">
    <!-- <%= form.label :lname, style: "display: block" %> -->
    <%= form.text_field :lname, placeholder: 'Last Name', class: 'form-control' %>
  </div>

  <div class="form-group" style="padding-bottom: 10px;">
    <!-- <%= form.label :email, style: "display: block" %> -->
    <%= form.text_field :email, placeholder: 'Email Address', class: 'form-control' %>
  </div>

  <div class="form-group" style="padding-bottom: 10px;">
    <!-- <%= form.label :password_digest, style: "display: block" %> -->
    <%= form.passworld_field :password, placeholder: 'Choose a strong password', class: 'form-control' %>
  </div>

  <div>
    <!-- <%= form.label :is_admin, style: "display: block" %> -->
    <%= form.hidden_field :is_admin, value: false %>
  </div>

  <div>
  <!-- 
    <%= form.label :status, style: "display: block" %>
    <%= form.text_field :status %> -->
    <%= form.hidden_field :status, value "Active" %>
  </div>

  <div>
   <!-- <%= form.submit %> -->
   <%= form.submit 'Submit', class: 'btn btn-primary' %>
  </div>
<% end %>

):
1:    <%= form_with(model: user) do |form| %>
2:      <% if user.errors.any? %>
3:        <div style="color: red">
4:          <h2><%= pluralize(user.errors.count, "error") %> prohibited this user from being saved:</h2>
5:    
6:          <ul>
7:            <% user.errors.each do |error| %>
8:              <li><%= error.full_message %></li>
9:            <% end %>
10:          </ul>
11:        </div>
12:      <% end %>
13:    
14:      <div class="form-group" style="padding-bottom: 10px;">
15:        <!-- <%= form.label :fname, style: "display: block" %> -->
16:        <%= form.text_field :fname, placeholder: 'First Name', class: 'form-control' %>
17:      </div>
18:    
19:      <div class="form-group" style="padding-bottom: 10px;">
20:        <!-- <%= form.label :lname, style: "display: block" %> -->
21:        <%= form.text_field :lname, placeholder: 'Last Name', class: 'form-control' %>
22:      </div>
23:    
24:      <div class="form-group" style="padding-bottom: 10px;">
25:        <!-- <%= form.label :email, style: "display: block" %> -->
26:        <%= form.text_field :email, placeholder: 'Email Address', class: 'form-control' %>
27:      </div>
28:    
29:      <div class="form-group" style="padding-bottom: 10px;">
30:        <!-- <%= form.label :password_digest, style: "display: block" %> -->
31:        <%= form.passworld_field :password, placeholder: 'Choose a strong password', class: 'form-control' %>
32:      </div>
33:    
34:      <div>
35:        <!-- <%= form.label :is_admin, style: "display: block" %> -->
36:        <%= form.hidden_field :is_admin, value: false %>
37:      </div>
38:    
39:      <div>
40:      <!-- 
41:        <%= form.label :status, style: "display: block" %>
42:        <%= form.text_field :status %> -->
43:        <%= form.hidden_field :status, value "Active" %>
44:      </div>
45:    
46:      <div>
47:       <!-- <%= form.submit %> -->
48:       <%= form.submit 'Submit', class: 'btn btn-primary' %>
49:      </div>
50:    <% end %>
  
app/views/users/_form.html.erb:43: syntax error, unexpected string literal, expecting `do' or '{' or '('
app/views/users/_form.html.erb:43: syntax error, unexpected string literal, expecting `do' or '{' or '('
app/views/users/_form.html.erb:43: syntax error, unexpected string literal, expecting `do' or '{' or '('
app/views/users/_form.html.erb:43: syntax error, unexpected string literal, expecting `do' or '{' or '('
app/views/users/new.html.erb:3
Started GET "/users/new" for 127.0.0.1 at 2023-10-14 09:50:13 +0800
  [1m[36mActiveRecord::SchemaMigration Pluck (0.1ms)[0m  [1m[34mSELECT "schema_migrations"."version" FROM "schema_migrations" ORDER BY "schema_migrations"."version" ASC[0m
Processing by UsersController#new as HTML
  Rendering layout layouts/application.html.erb
  Rendering users/new.html.erb within layouts/application
  Rendered users/_form.html.erb (Duration: 7.0ms | Allocations: 4041)
  Rendered users/new.html.erb within layouts/application (Duration: 8.6ms | Allocations: 4541)
  Rendered layout layouts/application.html.erb (Duration: 9.4ms | Allocations: 4641)
Completed 500 Internal Server Error in 37ms (ActiveRecord: 0.7ms | Allocations: 16173)


  
ActionView::Template::Error (undefined method `passworld_field' for #<ActionView::Helpers::FormBuilder:0x00007fcdfd600838 @nested_child_index={}, @options={:allow_method_names_outside_object=>true, :skip_default_ids=>false}, @template=#<ActionView::Base:0x0000000000c288>, @object=#<User id: nil, fname: nil, lname: nil, email: nil, password_digest: nil, is_admin: false, status: nil, created_at: nil, updated_at: nil>, @object_name="user", @default_options={:skip_default_ids=>false, :allow_method_names_outside_object=>true}, @default_html_options={}, @multipart=nil, @index=nil>):
    28: 
    29:   <div class="form-group" style="padding-bottom: 10px;">
    30:     <!-- <%= form.label :password_digest, style: "display: block" %> -->
    31:     <%= form.passworld_field :password, placeholder: 'Choose a strong password', class: 'form-control' %>
    32:   </div>
    33: 
    34:   <div>
  
app/views/users/_form.html.erb:31
app/views/users/_form.html.erb:1
app/views/users/new.html.erb:3
Started GET "/users/new" for 127.0.0.1 at 2023-10-14 09:51:47 +0800
  [1m[36mActiveRecord::SchemaMigration Pluck (0.2ms)[0m  [1m[34mSELECT "schema_migrations"."version" FROM "schema_migrations" ORDER BY "schema_migrations"."version" ASC[0m
Processing by UsersController#new as HTML
  Rendering layout layouts/application.html.erb
  Rendering users/new.html.erb within layouts/application
  Rendered users/_form.html.erb (Duration: 19.5ms | Allocations: 4311)
  Rendered users/new.html.erb within layouts/application (Duration: 21.5ms | Allocations: 4860)
  Rendered layouts/_header.html.erb (Duration: 1.7ms | Allocations: 412)
  Rendered layout layouts/application.html.erb (Duration: 79.8ms | Allocations: 37853)
Completed 200 OK in 106ms (Views: 83.8ms | ActiveRecord: 0.8ms | Allocations: 49439)


Started GET "/" for 127.0.0.1 at 2023-10-14 10:20:36 +0800
  [1m[36mActiveRecord::SchemaMigration Pluck (0.1ms)[0m  [1m[34mSELECT "schema_migrations"."version" FROM "schema_migrations" ORDER BY "schema_migrations"."version" ASC[0m
Processing by HomeController#index as HTML
  Rendering layout layouts/application.html.erb
  Rendering home/index.html.erb within layouts/application
  Rendered home/index.html.erb within layouts/application (Duration: 0.8ms | Allocations: 300)
  Rendered layouts/_header.html.erb (Duration: 1.8ms | Allocations: 505)
  Rendered layout layouts/application.html.erb (Duration: 63.3ms | Allocations: 33866)
Completed 200 OK in 76ms (Views: 66.7ms | ActiveRecord: 0.0ms | Allocations: 37853)


Started GET "/" for 127.0.0.1 at 2023-10-14 10:20:38 +0800
Processing by HomeController#index as HTML
  Rendering layout layouts/application.html.erb
  Rendering home/index.html.erb within layouts/application
  Rendered home/index.html.erb within layouts/application (Duration: 0.1ms | Allocations: 7)
  Rendered layouts/_header.html.erb (Duration: 0.3ms | Allocations: 168)
  Rendered layout layouts/application.html.erb (Duration: 6.0ms | Allocations: 2502)
Completed 200 OK in 7ms (Views: 6.9ms | ActiveRecord: 0.0ms | Allocations: 2762)


Started GET "/users/new" for 127.0.0.1 at 2023-10-14 10:20:40 +0800
Processing by UsersController#new as HTML
  Rendering layout layouts/application.html.erb
  Rendering users/new.html.erb within layouts/application
  Rendered users/_form.html.erb (Duration: 9.2ms | Allocations: 3912)
  Rendered users/new.html.erb within layouts/application (Duration: 10.5ms | Allocations: 4227)
  Rendered layouts/_header.html.erb (Duration: 0.2ms | Allocations: 169)
  Rendered layout layouts/application.html.erb (Duration: 14.8ms | Allocations: 6637)
Completed 200 OK in 49ms (Views: 19.0ms | ActiveRecord: 0.8ms | Allocations: 14932)


Started POST "/users" for 127.0.0.1 at 2023-10-14 10:21:00 +0800
Processing by UsersController#create as HTML
  Parameters: {"authenticity_token"=>"[FILTERED]", "user"=>{"fname"=>"testy", "lname"=>"mctestface", "email"=>"asdaosdasd@dasoda.com", "password"=>"[FILTERED]", "is_admin"=>"false", "status"=>"Active"}, "commit"=>"Submit"}
  [1m[36mTRANSACTION (0.1ms)[0m  [1m[36mbegin transaction[0m
  ↳ app/controllers/users_controller.rb:27:in `block in create'
  [1m[36mUser Create (4.9ms)[0m  [1m[32mINSERT INTO "users" ("fname", "lname", "email", "password_digest", "is_admin", "status", "created_at", "updated_at") VALUES (?, ?, ?, ?, ?, ?, ?, ?)[0m  [["fname", "testy"], ["lname", "mctestface"], ["email", "asdaosdasd@dasoda.com"], ["password_digest", "[FILTERED]"], ["is_admin", 0], ["status", "Active"], ["created_at", "2023-10-14 02:21:00.433494"], ["updated_at", "2023-10-14 02:21:00.433494"]]
  ↳ app/controllers/users_controller.rb:27:in `block in create'
  [1m[36mTRANSACTION (20.9ms)[0m  [1m[36mcommit transaction[0m
  ↳ app/controllers/users_controller.rb:27:in `block in create'
Redirected to http://localhost:3000/users/2
Completed 302 Found in 323ms (ActiveRecord: 25.9ms | Allocations: 4144)


Started GET "/users/2" for 127.0.0.1 at 2023-10-14 10:21:00 +0800
Processing by UsersController#show as HTML
  Parameters: {"id"=>"2"}
  [1m[36mUser Load (0.2ms)[0m  [1m[34mSELECT "users".* FROM "users" WHERE "users"."id" = ? LIMIT ?[0m  [["id", 2], ["LIMIT", 1]]
  ↳ app/controllers/users_controller.rb:63:in `set_user'
  Rendering layout layouts/application.html.erb
  Rendering users/show.html.erb within layouts/application
  Rendered users/_user.html.erb (Duration: 0.7ms | Allocations: 274)
  Rendered users/show.html.erb within layouts/application (Duration: 9.6ms | Allocations: 1417)
  Rendered layouts/_header.html.erb (Duration: 0.2ms | Allocations: 158)
  Rendered layout layouts/application.html.erb (Duration: 14.3ms | Allocations: 3766)
Completed 200 OK in 21ms (Views: 14.9ms | ActiveRecord: 0.2ms | Allocations: 6447)


Started GET "/users/2/edit" for 127.0.0.1 at 2023-10-14 10:22:05 +0800
Processing by UsersController#edit as HTML
  Parameters: {"id"=>"2"}
  [1m[36mUser Load (0.2ms)[0m  [1m[34mSELECT "users".* FROM "users" WHERE "users"."id" = ? LIMIT ?[0m  [["id", 2], ["LIMIT", 1]]
  ↳ app/controllers/users_controller.rb:63:in `set_user'
  Rendering layout layouts/application.html.erb
  Rendering users/edit.html.erb within layouts/application
  Rendered users/_form.html.erb (Duration: 4.8ms | Allocations: 2209)
  Rendered users/edit.html.erb within layouts/application (Duration: 6.0ms | Allocations: 2499)
  Rendered layouts/_header.html.erb (Duration: 0.3ms | Allocations: 158)
  Rendered layout layouts/application.html.erb (Duration: 11.7ms | Allocations: 4813)
Completed 200 OK in 15ms (Views: 12.4ms | ActiveRecord: 0.2ms | Allocations: 5622)


Started GET "/users/2" for 127.0.0.1 at 2023-10-14 10:22:12 +0800
Processing by UsersController#show as HTML
  Parameters: {"id"=>"2"}
  [1m[36mUser Load (0.1ms)[0m  [1m[34mSELECT "users".* FROM "users" WHERE "users"."id" = ? LIMIT ?[0m  [["id", 2], ["LIMIT", 1]]
  ↳ app/controllers/users_controller.rb:63:in `set_user'
  Rendering layout layouts/application.html.erb
  Rendering users/show.html.erb within layouts/application
  Rendered users/_user.html.erb (Duration: 0.1ms | Allocations: 25)
  Rendered users/show.html.erb within layouts/application (Duration: 1.8ms | Allocations: 582)
  Rendered layouts/_header.html.erb (Duration: 0.3ms | Allocations: 158)
  Rendered layout layouts/application.html.erb (Duration: 6.9ms | Allocations: 2896)
Completed 200 OK in 10ms (Views: 7.8ms | ActiveRecord: 0.1ms | Allocations: 3660)


Started GET "/users/2/edit" for 127.0.0.1 at 2023-10-14 10:22:14 +0800
Processing by UsersController#edit as HTML
  Parameters: {"id"=>"2"}
  [1m[36mUser Load (0.1ms)[0m  [1m[34mSELECT "users".* FROM "users" WHERE "users"."id" = ? LIMIT ?[0m  [["id", 2], ["LIMIT", 1]]
  ↳ app/controllers/users_controller.rb:63:in `set_user'
  Rendering layout layouts/application.html.erb
  Rendering users/edit.html.erb within layouts/application
  Rendered users/_form.html.erb (Duration: 4.2ms | Allocations: 2185)
  Rendered users/edit.html.erb within layouts/application (Duration: 4.7ms | Allocations: 2310)
  Rendered layouts/_header.html.erb (Duration: 0.2ms | Allocations: 158)
  Rendered layout layouts/application.html.erb (Duration: 9.8ms | Allocations: 4625)
Completed 200 OK in 13ms (Views: 11.0ms | ActiveRecord: 0.1ms | Allocations: 5379)


Started GET "/users" for 127.0.0.1 at 2023-10-14 10:22:15 +0800
Processing by UsersController#index as HTML
  Rendering layout layouts/application.html.erb
  Rendering users/index.html.erb within layouts/application
  [1m[36mUser Load (0.3ms)[0m  [1m[34mSELECT "users".* FROM "users"[0m
  ↳ app/views/users/index.html.erb:6
  Rendered users/index.html.erb within layouts/application (Duration: 12.1ms | Allocations: 1189)
  Rendered layouts/_header.html.erb (Duration: 0.2ms | Allocations: 159)
  Rendered layout layouts/application.html.erb (Duration: 21.4ms | Allocations: 3512)
Completed 200 OK in 23ms (Views: 22.1ms | ActiveRecord: 0.3ms | Allocations: 3864)


Started GET "/" for 127.0.0.1 at 2023-10-14 10:32:55 +0800
  [1m[36mActiveRecord::SchemaMigration Pluck (0.1ms)[0m  [1m[34mSELECT "schema_migrations"."version" FROM "schema_migrations" ORDER BY "schema_migrations"."version" ASC[0m
Processing by HomeController#index as HTML
Completed 500 Internal Server Error in 4ms (ActiveRecord: 0.0ms | Allocations: 1725)


  
NameError (uninitialized constant HomeController::Recipe):
  
app/controllers/home_controller.rb:3:in `index'
Started GET "/" for 127.0.0.1 at 2023-10-14 10:33:52 +0800
  [1m[36mActiveRecord::SchemaMigration Pluck (0.1ms)[0m  [1m[34mSELECT "schema_migrations"."version" FROM "schema_migrations" ORDER BY "schema_migrations"."version" ASC[0m
Processing by HomeController#index as HTML
  [1m[36mQuote Load (0.2ms)[0m  [1m[34mSELECT "quotes".* FROM "quotes" LIMIT ?[0m  [["LIMIT", 5]]
  ↳ app/controllers/home_controller.rb:3:in `index'
  Rendering layout layouts/application.html.erb
  Rendering home/index.html.erb within layouts/application
  Rendered home/index.html.erb within layouts/application (Duration: 1.2ms | Allocations: 403)
  Rendered layouts/_header.html.erb (Duration: 1.2ms | Allocations: 505)
  Rendered layout layouts/application.html.erb (Duration: 69.1ms | Allocations: 33908)
Completed 200 OK in 115ms (Views: 72.1ms | ActiveRecord: 0.2ms | Allocations: 43401)


